<?xml version="1.0" encoding="UTF-8"?>
<testng-results skipped="0" failed="0" total="1" passed="1">
  <reporter-output>
    <line>
      <![CDATA[Title is matchingOrangeHRM]]>
    </line>
  </reporter-output>
  <suite name="Surefire suite" duration-ms="43154" started-at="2018-01-05T01:43:34Z" finished-at="2018-01-05T01:44:18Z">
    <groups>
    </groups>
    <test name="Surefire test" duration-ms="43154" started-at="2018-01-05T01:43:34Z" finished-at="2018-01-05T01:44:18Z">
      <class name="scripts.TestScripts">
        <test-method status="PASS" signature="preCondition()[pri:0, instance:scripts.TestScripts@61dc03ce]" name="preCondition" is-config="true" duration-ms="17223" started-at="2018-01-04T17:43:34Z" finished-at="2018-01-04T17:43:52Z">
          <reporter-output>
          </reporter-output>
        </test-method> <!-- preCondition -->
        <test-method status="PASS" signature="testCreateEmployee()[pri:0, instance:scripts.TestScripts@61dc03ce]" name="testCreateEmployee" duration-ms="25877" started-at="2018-01-04T17:43:52Z" finished-at="2018-01-04T17:44:18Z">
          <reporter-output>
            <line>
              <![CDATA[Title is matchingOrangeHRM]]>
            </line>
          </reporter-output>
        </test-method> <!-- testCreateEmployee -->
        <test-method status="PASS" signature="postCondition()[pri:0, instance:scripts.TestScripts@61dc03ce]" name="postCondition" is-config="true" duration-ms="26" started-at="2018-01-04T17:44:18Z" finished-at="2018-01-04T17:44:18Z">
          <reporter-output>
          </reporter-output>
        </test-method> <!-- postCondition -->
      </class> <!-- scripts.TestScripts -->
    </test> <!-- Surefire test -->
  </suite> <!-- Surefire suite -->
</testng-results>
