<?xml version="1.0" encoding="UTF-8"?>
<testng-results skipped="0" failed="0" total="1" passed="1">
  <reporter-output>
    <line>
      <![CDATA[Title is matchingOrangeHRM]]>
    </line>
  </reporter-output>
  <suite name="Suite" duration-ms="27892" started-at="2018-01-05T01:41:57Z" finished-at="2018-01-05T01:42:24Z">
    <groups>
    </groups>
    <test name="Test" duration-ms="27892" started-at="2018-01-05T01:41:57Z" finished-at="2018-01-05T01:42:24Z">
      <class name="scripts.TestScripts">
        <test-method status="PASS" signature="preCondition()[pri:0, instance:scripts.TestScripts@6500df86]" name="preCondition" is-config="true" duration-ms="15331" started-at="2018-01-04T17:41:57Z" finished-at="2018-01-04T17:42:12Z">
          <reporter-output>
          </reporter-output>
        </test-method> <!-- preCondition -->
        <test-method status="PASS" signature="testCreateEmployee()[pri:0, instance:scripts.TestScripts@6500df86]" name="testCreateEmployee" duration-ms="12485" started-at="2018-01-04T17:42:12Z" finished-at="2018-01-04T17:42:24Z">
          <reporter-output>
            <line>
              <![CDATA[Title is matchingOrangeHRM]]>
            </line>
          </reporter-output>
        </test-method> <!-- testCreateEmployee -->
        <test-method status="PASS" signature="postCondition()[pri:0, instance:scripts.TestScripts@6500df86]" name="postCondition" is-config="true" duration-ms="21" started-at="2018-01-04T17:42:24Z" finished-at="2018-01-04T17:42:24Z">
          <reporter-output>
          </reporter-output>
        </test-method> <!-- postCondition -->
      </class> <!-- scripts.TestScripts -->
    </test> <!-- Test -->
  </suite> <!-- Suite -->
</testng-results>
